2025-09-17 11:23:19,712 - __main__ - INFO - Starting stock data exctraction process
2025-09-17 11:23:26,074 - __main__ - INFO - StockDataFetcher initialized with base URL: https://www.alphavantage.co/query
2025-09-17 11:23:42,045 - __main__ - INFO - Will fetch data for symbols: ['AAPL', 'GOOGL', 'MSFT', 'AMZN', 'TSLA', 'META', 'NVDA', 'NFLX']
2025-09-17 11:23:47,193 - __main__ - INFO - Fetching data for 8 symbols: ['AAPL', 'GOOGL', 'MSFT', 'AMZN', 'TSLA', 'META', 'NVDA', 'NFLX']
2025-09-17 11:23:47,433 - __main__ - INFO - Processing AAPL (1/8)
2025-09-17 11:23:47,453 - __main__ - INFO - Fetching daily data for AAPL
2025-09-17 11:23:48,323 - __main__ - ERROR - Failed to fetch data for AAPL: "Expected key 'Time Series (Daily) not found in API response"
2025-09-17 11:23:48,350 - __main__ - INFO - Processing GOOGL (2/8)
2025-09-17 11:23:48,351 - __main__ - INFO - Fetching daily data for GOOGL
2025-09-17 11:23:48,579 - __main__ - ERROR - Failed to fetch data for GOOGL: "Expected key 'Time Series (Daily) not found in API response"
2025-09-17 11:23:48,583 - __main__ - INFO - Processing MSFT (3/8)
2025-09-17 11:23:48,584 - __main__ - INFO - Fetching daily data for MSFT
2025-09-17 11:23:48,811 - __main__ - ERROR - Failed to fetch data for MSFT: "Expected key 'Time Series (Daily) not found in API response"
2025-09-17 11:23:48,815 - __main__ - INFO - Processing AMZN (4/8)
2025-09-17 11:23:48,817 - __main__ - INFO - Fetching daily data for AMZN
2025-09-17 11:23:49,042 - __main__ - ERROR - Failed to fetch data for AMZN: "Expected key 'Time Series (Daily) not found in API response"
2025-09-17 11:23:49,047 - __main__ - INFO - Processing TSLA (5/8)
2025-09-17 11:23:49,048 - __main__ - INFO - Fetching daily data for TSLA
2025-09-17 11:23:49,275 - __main__ - ERROR - Failed to fetch data for TSLA: "Expected key 'Time Series (Daily) not found in API response"
2025-09-17 11:23:49,280 - __main__ - INFO - Processing META (6/8)
2025-09-17 11:23:49,281 - __main__ - INFO - Fetching daily data for META
2025-09-17 11:23:49,282 - __main__ - INFO - Rate limit reached. Waiting 58.2 seconds...
2025-09-17 11:24:48,111 - __main__ - ERROR - Failed to fetch data for META: "Expected key 'Time Series (Daily) not found in API response"
2025-09-17 11:24:48,115 - __main__ - INFO - Processing NVDA (7/8)
2025-09-17 11:24:48,116 - __main__ - INFO - Fetching daily data for NVDA
2025-09-17 11:24:48,117 - __main__ - INFO - Rate limit reached. Waiting 0.2 seconds...
2025-09-17 11:24:48,646 - __main__ - ERROR - Failed to fetch data for NVDA: "Expected key 'Time Series (Daily) not found in API response"
2025-09-17 11:24:48,651 - __main__ - INFO - Processing NFLX (8/8)
2025-09-17 11:24:48,652 - __main__ - INFO - Fetching daily data for NFLX
2025-09-17 11:24:48,879 - __main__ - ERROR - Failed to fetch data for NFLX: "Expected key 'Time Series (Daily) not found in API response"
2025-09-17 11:24:48,884 - __main__ - WARNING - Failed to fetch data for symbols: ['AAPL', 'GOOGL', 'MSFT', 'AMZN', 'TSLA', 'META', 'NVDA', 'NFLX']
2025-09-17 11:24:48,885 - __main__ - WARNING - No data was sucessfully fetched
2025-09-17 11:26:54,145 - __main__ - INFO - Starting stock data exctraction process
2025-09-17 11:26:54,147 - __main__ - INFO - StockDataFetcher initialized with base URL: https://www.alphavantage.co/query
2025-09-17 11:26:54,150 - __main__ - INFO - Will fetch data for symbols: ['AAPL', 'GOOGL', 'MSFT', 'AMZN', 'TSLA', 'META', 'NVDA', 'NFLX']
2025-09-17 11:26:54,154 - __main__ - INFO - Fetching data for 8 symbols: ['AAPL', 'GOOGL', 'MSFT', 'AMZN', 'TSLA', 'META', 'NVDA', 'NFLX']
2025-09-17 11:26:54,154 - __main__ - INFO - Processing AAPL (1/8)
2025-09-17 11:26:54,154 - __main__ - INFO - Fetching daily data for AAPL
2025-09-17 11:26:54,423 - __main__ - ERROR - Failed to fetch data for AAPL: "Expected key 'Time Series (Daily) not found in API response"
2025-09-17 11:26:54,430 - __main__ - INFO - Processing GOOGL (2/8)
2025-09-17 11:26:54,431 - __main__ - INFO - Fetching daily data for GOOGL
2025-09-17 11:26:54,659 - __main__ - ERROR - Failed to fetch data for GOOGL: "Expected key 'Time Series (Daily) not found in API response"
2025-09-17 11:26:54,662 - __main__ - INFO - Processing MSFT (3/8)
2025-09-17 11:26:54,664 - __main__ - INFO - Fetching daily data for MSFT
2025-09-17 11:26:54,949 - __main__ - ERROR - Failed to fetch data for MSFT: "Expected key 'Time Series (Daily) not found in API response"
2025-09-17 11:26:54,953 - __main__ - INFO - Processing AMZN (4/8)
2025-09-17 11:26:54,955 - __main__ - INFO - Fetching daily data for AMZN
2025-09-17 11:26:55,199 - __main__ - ERROR - Failed to fetch data for AMZN: "Expected key 'Time Series (Daily) not found in API response"
2025-09-17 11:26:55,203 - __main__ - INFO - Processing TSLA (5/8)
2025-09-17 11:26:55,204 - __main__ - INFO - Fetching daily data for TSLA
2025-09-17 11:26:55,432 - __main__ - ERROR - Failed to fetch data for TSLA: "Expected key 'Time Series (Daily) not found in API response"
2025-09-17 11:26:55,437 - __main__ - INFO - Processing META (6/8)
2025-09-17 11:26:55,438 - __main__ - INFO - Fetching daily data for META
2025-09-17 11:26:55,438 - __main__ - INFO - Rate limit reached. Waiting 58.7 seconds...
2025-09-17 11:27:54,863 - __main__ - ERROR - Failed to fetch data for META: "Expected key 'Time Series (Daily) not found in API response"
2025-09-17 11:27:54,869 - __main__ - INFO - Processing NVDA (7/8)
2025-09-17 11:27:54,870 - __main__ - INFO - Fetching daily data for NVDA
2025-09-17 11:27:55,100 - __main__ - ERROR - Failed to fetch data for NVDA: "Expected key 'Time Series (Daily) not found in API response"
2025-09-17 11:27:55,104 - __main__ - INFO - Processing NFLX (8/8)
2025-09-17 11:27:55,106 - __main__ - INFO - Fetching daily data for NFLX
2025-09-17 11:27:55,332 - __main__ - ERROR - Failed to fetch data for NFLX: "Expected key 'Time Series (Daily) not found in API response"
2025-09-17 11:27:55,335 - __main__ - WARNING - Failed to fetch data for symbols: ['AAPL', 'GOOGL', 'MSFT', 'AMZN', 'TSLA', 'META', 'NVDA', 'NFLX']
2025-09-17 11:27:55,336 - __main__ - WARNING - No data was sucessfully fetched
2025-09-17 11:28:15,361 - __main__ - INFO - Starting stock data exctraction process
2025-09-17 11:28:15,368 - __main__ - INFO - StockDataFetcher initialized with base URL: https://www.alphavantage.co/query
2025-09-17 11:28:15,374 - __main__ - INFO - Will fetch data for symbols: ['AAPL', 'GOOGL', 'MSFT', 'AMZN', 'TSLA', 'META', 'NVDA', 'NFLX']
2025-09-17 11:28:15,378 - __main__ - INFO - Fetching data for 8 symbols: ['AAPL', 'GOOGL', 'MSFT', 'AMZN', 'TSLA', 'META', 'NVDA', 'NFLX']
2025-09-17 11:28:15,378 - __main__ - INFO - Processing AAPL (1/8)
2025-09-17 11:28:15,379 - __main__ - INFO - Fetching daily data for AAPL
2025-09-17 11:28:15,635 - __main__ - ERROR - Failed to fetch data for AAPL: "Expected key 'Time Series (Daily) not found in API response"
2025-09-17 11:28:15,643 - __main__ - INFO - Processing GOOGL (2/8)
2025-09-17 11:28:15,644 - __main__ - INFO - Fetching daily data for GOOGL
2025-09-17 11:28:15,869 - __main__ - ERROR - Failed to fetch data for GOOGL: "Expected key 'Time Series (Daily) not found in API response"
2025-09-17 11:28:15,873 - __main__ - INFO - Processing MSFT (3/8)
2025-09-17 11:28:15,875 - __main__ - INFO - Fetching daily data for MSFT
2025-09-17 11:28:16,102 - __main__ - ERROR - Failed to fetch data for MSFT: "Expected key 'Time Series (Daily) not found in API response"
2025-09-17 11:28:16,105 - __main__ - INFO - Processing AMZN (4/8)
2025-09-17 11:28:16,106 - __main__ - INFO - Fetching daily data for AMZN
2025-09-17 11:28:16,356 - __main__ - ERROR - Failed to fetch data for AMZN: "Expected key 'Time Series (Daily) not found in API response"
2025-09-17 11:28:16,360 - __main__ - INFO - Processing TSLA (5/8)
2025-09-17 11:28:16,361 - __main__ - INFO - Fetching daily data for TSLA
2025-09-17 11:28:16,675 - __main__ - ERROR - Failed to fetch data for TSLA: "Expected key 'Time Series (Daily) not found in API response"
2025-09-17 11:28:16,679 - __main__ - INFO - Processing META (6/8)
2025-09-17 11:28:16,680 - __main__ - INFO - Fetching daily data for META
2025-09-17 11:28:16,682 - __main__ - INFO - Rate limit reached. Waiting 58.7 seconds...
2025-09-17 11:29:15,622 - __main__ - ERROR - Failed to fetch data for META: "Expected key 'Time Series (Daily) not found in API response"
2025-09-17 11:29:15,627 - __main__ - INFO - Processing NVDA (7/8)
2025-09-17 11:29:15,628 - __main__ - INFO - Fetching daily data for NVDA
2025-09-17 11:29:15,629 - __main__ - INFO - Rate limit reached. Waiting 0.0 seconds...
2025-09-17 11:29:15,938 - __main__ - ERROR - Failed to fetch data for NVDA: "Expected key 'Time Series (Daily) not found in API response"
2025-09-17 11:29:15,942 - __main__ - INFO - Processing NFLX (8/8)
2025-09-17 11:29:15,943 - __main__ - INFO - Fetching daily data for NFLX
2025-09-17 11:29:16,244 - __main__ - ERROR - Failed to fetch data for NFLX: "Expected key 'Time Series (Daily) not found in API response"
2025-09-17 11:29:16,249 - __main__ - WARNING - Failed to fetch data for symbols: ['AAPL', 'GOOGL', 'MSFT', 'AMZN', 'TSLA', 'META', 'NVDA', 'NFLX']
2025-09-17 11:29:16,250 - __main__ - WARNING - No data was sucessfully fetched
2025-09-17 11:33:19,442 - __main__ - INFO - Rate limit reached. Waiting 29.1 seconds...
2025-09-17 11:34:47,925 - __main__ - INFO - Starting stock data exctraction process
2025-09-17 11:34:48,441 - __main__ - INFO - StockDataFetcher initialized with base URL: https://www.alphavantage.co/query
2025-09-17 11:34:50,732 - __main__ - INFO - Will fetch data for symbols: ['AAPL', 'GOOGL', 'MSFT', 'AMZN', 'TSLA', 'META', 'NVDA', 'NFLX']
2025-09-17 11:35:03,959 - __main__ - INFO - Fetching data for 8 symbols: ['AAPL', 'GOOGL', 'MSFT', 'AMZN', 'TSLA', 'META', 'NVDA', 'NFLX']
2025-09-17 11:35:03,960 - __main__ - INFO - Processing AAPL (1/8)
2025-09-17 11:35:03,962 - __main__ - INFO - Fetching daily data for AAPL
2025-09-17 11:35:04,193 - __main__ - ERROR - Failed to fetch data for AAPL: "Expected key 'Time Series (Daily) not found in API response"
2025-09-17 11:35:04,198 - __main__ - INFO - Processing GOOGL (2/8)
2025-09-17 11:35:04,199 - __main__ - INFO - Fetching daily data for GOOGL
2025-09-17 11:35:04,430 - __main__ - ERROR - Failed to fetch data for GOOGL: "Expected key 'Time Series (Daily) not found in API response"
2025-09-17 11:35:04,434 - __main__ - INFO - Processing MSFT (3/8)
2025-09-17 11:35:04,435 - __main__ - INFO - Fetching daily data for MSFT
2025-09-17 11:35:04,436 - __main__ - INFO - Rate limit reached. Waiting 51.3 seconds...
2025-09-17 11:35:56,015 - __main__ - ERROR - Failed to fetch data for MSFT: "Expected key 'Time Series (Daily) not found in API response"
2025-09-17 11:35:56,022 - __main__ - INFO - Processing AMZN (4/8)
2025-09-17 11:35:56,024 - __main__ - INFO - Fetching daily data for AMZN
2025-09-17 11:35:56,025 - __main__ - INFO - Rate limit reached. Waiting 0.0 seconds...
2025-09-17 11:35:56,261 - __main__ - ERROR - Failed to fetch data for AMZN: "Expected key 'Time Series (Daily) not found in API response"
2025-09-17 11:35:56,264 - __main__ - INFO - Processing TSLA (5/8)
2025-09-17 11:35:56,265 - __main__ - INFO - Fetching daily data for TSLA
2025-09-17 11:35:56,511 - __main__ - ERROR - Failed to fetch data for TSLA: "Expected key 'Time Series (Daily) not found in API response"
2025-09-17 11:35:56,515 - __main__ - INFO - Processing META (6/8)
2025-09-17 11:35:56,517 - __main__ - INFO - Fetching daily data for META
2025-09-17 11:35:56,518 - __main__ - INFO - Rate limit reached. Waiting 7.4 seconds...
2025-09-17 11:36:04,294 - __main__ - ERROR - Failed to fetch data for META: "Expected key 'Time Series (Daily) not found in API response"
2025-09-17 11:36:04,298 - __main__ - INFO - Processing NVDA (7/8)
2025-09-17 11:36:04,300 - __main__ - INFO - Fetching daily data for NVDA
2025-09-17 11:36:04,614 - __main__ - ERROR - Failed to fetch data for NVDA: "Expected key 'Time Series (Daily) not found in API response"
2025-09-17 11:36:04,618 - __main__ - INFO - Processing NFLX (8/8)
2025-09-17 11:36:04,619 - __main__ - INFO - Fetching daily data for NFLX
2025-09-17 11:36:04,847 - __main__ - ERROR - Failed to fetch data for NFLX: "Expected key 'Time Series (Daily) not found in API response"
2025-09-17 11:36:04,851 - __main__ - WARNING - Failed to fetch data for symbols: ['AAPL', 'GOOGL', 'MSFT', 'AMZN', 'TSLA', 'META', 'NVDA', 'NFLX']
2025-09-17 11:36:04,853 - __main__ - WARNING - No data was sucessfully fetched
2025-09-17 11:42:50,463 - __main__ - INFO - Starting stock data exctraction process
2025-09-17 11:42:50,465 - __main__ - INFO - StockDataFetcher initialized with base URL: https://www.alphavantage.co/query
2025-09-17 11:42:51,492 - __main__ - INFO - Will fetch data for symbols: ['AAPL', 'GOOGL', 'MSFT', 'AMZN', 'TSLA', 'META', 'NVDA', 'NFLX']
2025-09-17 11:43:02,294 - __main__ - INFO - Fetching data for 8 symbols: ['AAPL', 'GOOGL', 'MSFT', 'AMZN', 'TSLA', 'META', 'NVDA', 'NFLX']
2025-09-17 11:43:02,295 - __main__ - INFO - Processing AAPL (1/8)
2025-09-17 11:43:02,295 - __main__ - INFO - Fetching daily data for AAPL
2025-09-17 11:43:03,011 - __main__ - ERROR - Failed to fetch data for AAPL: "Expected key 'Time Series (Daily) not found in API response"
2025-09-17 11:43:03,019 - __main__ - INFO - Processing GOOGL (2/8)
2025-09-17 11:43:03,020 - __main__ - INFO - Fetching daily data for GOOGL
2025-09-17 11:43:03,248 - __main__ - ERROR - Failed to fetch data for GOOGL: "Expected key 'Time Series (Daily) not found in API response"
2025-09-17 11:43:03,252 - __main__ - INFO - Processing MSFT (3/8)
2025-09-17 11:43:03,253 - __main__ - INFO - Fetching daily data for MSFT
2025-09-17 11:43:03,491 - __main__ - ERROR - Failed to fetch data for MSFT: "Expected key 'Time Series (Daily) not found in API response"
2025-09-17 11:43:03,494 - __main__ - INFO - Processing AMZN (4/8)
2025-09-17 11:43:03,495 - __main__ - INFO - Fetching daily data for AMZN
2025-09-17 11:43:03,722 - __main__ - ERROR - Failed to fetch data for AMZN: "Expected key 'Time Series (Daily) not found in API response"
2025-09-17 11:43:03,726 - __main__ - INFO - Processing TSLA (5/8)
2025-09-17 11:43:03,728 - __main__ - INFO - Fetching daily data for TSLA
2025-09-17 11:43:04,012 - __main__ - ERROR - Failed to fetch data for TSLA: "Expected key 'Time Series (Daily) not found in API response"
2025-09-17 11:43:04,016 - __main__ - INFO - Processing META (6/8)
2025-09-17 11:43:04,017 - __main__ - INFO - Fetching daily data for META
2025-09-17 11:43:04,018 - __main__ - INFO - Rate limit reached. Waiting 58.3 seconds...
2025-09-17 11:44:02,948 - __main__ - ERROR - Failed to fetch data for META: "Expected key 'Time Series (Daily) not found in API response"
2025-09-17 11:44:02,953 - __main__ - INFO - Processing NVDA (7/8)
2025-09-17 11:44:02,954 - __main__ - INFO - Fetching daily data for NVDA
2025-09-17 11:44:02,956 - __main__ - INFO - Rate limit reached. Waiting 0.1 seconds...
2025-09-17 11:44:03,252 - __main__ - ERROR - Failed to fetch data for NVDA: "Expected key 'Time Series (Daily) not found in API response"
2025-09-17 11:44:03,256 - __main__ - INFO - Processing NFLX (8/8)
2025-09-17 11:44:03,258 - __main__ - INFO - Fetching daily data for NFLX
2025-09-17 11:44:03,489 - __main__ - ERROR - Failed to fetch data for NFLX: "Expected key 'Time Series (Daily) not found in API response"
2025-09-17 11:44:03,493 - __main__ - WARNING - Failed to fetch data for symbols: ['AAPL', 'GOOGL', 'MSFT', 'AMZN', 'TSLA', 'META', 'NVDA', 'NFLX']
2025-09-17 11:44:03,494 - __main__ - WARNING - No data was sucessfully fetched
2025-09-17 11:48:10,894 - __main__ - INFO - Starting stock data exctraction process
2025-09-17 11:48:10,896 - __main__ - INFO - StockDataFetcher initialized with base URL: https://www.alphavantage.co/query
2025-09-17 11:48:10,898 - __main__ - INFO - Will fetch data for symbols: ['AAPL', 'GOOGL', 'MSFT', 'AMZN', 'TSLA', 'META', 'NVDA', 'NFLX']
2025-09-17 11:49:32,446 - __main__ - INFO - Starting stock data exctraction process
2025-09-17 11:49:32,451 - __main__ - INFO - StockDataFetcher initialized with base URL: https://www.alphavantage.co/query
2025-09-17 11:49:32,459 - __main__ - INFO - Will fetch data for symbols: ['AAPL', 'GOOGL', 'MSFT', 'AMZN', 'TSLA', 'META', 'NVDA', 'NFLX']
2025-09-17 11:51:18,816 - __main__ - INFO - Successfully fetched 100 days of data for AAPL
2025-09-17 11:51:24,124 - __main__ - INFO - Fetching data for 8 symbols: ['AAPL', 'GOOGL', 'MSFT', 'AMZN', 'TSLA', 'META', 'NVDA', 'NFLX']
2025-09-17 11:51:24,125 - __main__ - INFO - Processing AAPL (1/8)
2025-09-17 11:51:24,127 - __main__ - INFO - Fetching daily data for AAPL
2025-09-17 11:51:24,834 - __main__ - ERROR - Failed to fetch data for AAPL: "Expected key 'Time Series (Daily) not found in API response"
2025-09-17 11:51:24,838 - __main__ - INFO - Processing GOOGL (2/8)
2025-09-17 11:51:24,840 - __main__ - INFO - Fetching daily data for GOOGL
2025-09-17 11:51:25,087 - __main__ - ERROR - Failed to fetch data for GOOGL: "Expected key 'Time Series (Daily) not found in API response"
2025-09-17 11:51:25,092 - __main__ - INFO - Processing MSFT (3/8)
2025-09-17 11:51:25,093 - __main__ - INFO - Fetching daily data for MSFT
2025-09-17 11:51:25,327 - __main__ - ERROR - Failed to fetch data for MSFT: "Expected key 'Time Series (Daily) not found in API response"
2025-09-17 11:51:25,331 - __main__ - INFO - Processing AMZN (4/8)
2025-09-17 11:51:25,333 - __main__ - INFO - Fetching daily data for AMZN
2025-09-17 11:51:25,561 - __main__ - ERROR - Failed to fetch data for AMZN: "Expected key 'Time Series (Daily) not found in API response"
2025-09-17 11:51:25,564 - __main__ - INFO - Processing TSLA (5/8)
2025-09-17 11:51:25,565 - __main__ - INFO - Fetching daily data for TSLA
2025-09-17 11:51:25,804 - __main__ - ERROR - Failed to fetch data for TSLA: "Expected key 'Time Series (Daily) not found in API response"
2025-09-17 11:51:25,808 - __main__ - INFO - Processing META (6/8)
2025-09-17 11:51:25,809 - __main__ - INFO - Fetching daily data for META
2025-09-17 11:51:25,810 - __main__ - INFO - Rate limit reached. Waiting 58.3 seconds...
2025-09-17 11:52:24,379 - __main__ - ERROR - Failed to fetch data for META: "Expected key 'Time Series (Daily) not found in API response"
2025-09-17 11:52:24,384 - __main__ - INFO - Processing NVDA (7/8)
2025-09-17 11:52:24,386 - __main__ - INFO - Fetching daily data for NVDA
2025-09-17 11:52:24,387 - __main__ - INFO - Rate limit reached. Waiting 0.5 seconds...
2025-09-17 11:52:25,094 - __main__ - ERROR - Failed to fetch data for NVDA: "Expected key 'Time Series (Daily) not found in API response"
2025-09-17 11:52:25,098 - __main__ - INFO - Processing NFLX (8/8)
2025-09-17 11:52:25,099 - __main__ - INFO - Fetching daily data for NFLX
2025-09-17 11:52:25,329 - __main__ - ERROR - Failed to fetch data for NFLX: "Expected key 'Time Series (Daily) not found in API response"
2025-09-17 11:52:25,333 - __main__ - WARNING - Failed to fetch data for symbols: ['AAPL', 'GOOGL', 'MSFT', 'AMZN', 'TSLA', 'META', 'NVDA', 'NFLX']
2025-09-17 11:52:25,335 - __main__ - WARNING - No data was sucessfully fetched
2025-09-17 11:53:18,409 - __main__ - INFO - Starting stock data extraction process
2025-09-17 11:53:18,410 - __main__ - INFO - StockDataFetcher initialized with base URL: https://www.alphavantage.co/query
2025-09-17 11:53:18,410 - __main__ - INFO - Will fetch data for symbols: ['AAPL', 'GOOGL', 'MSFT', 'AMZN', 'TSLA', 'META', 'NVDA', 'NFLX']
2025-09-17 11:53:18,410 - __main__ - INFO - Fetching data for 8 symbols: ['AAPL', 'GOOGL', 'MSFT', 'AMZN', 'TSLA', 'META', 'NVDA', 'NFLX']
2025-09-17 11:53:18,410 - __main__ - INFO - Processing AAPL (1/8)
2025-09-17 11:53:18,410 - __main__ - INFO - Fetching daily data for AAPL
2025-09-17 11:53:18,926 - __main__ - INFO - Successfully fetched 100 days of data for AAPL
2025-09-17 11:53:18,930 - __main__ - INFO - Processing GOOGL (2/8)
2025-09-17 11:53:18,930 - __main__ - INFO - Fetching daily data for GOOGL
2025-09-17 11:53:19,198 - __main__ - INFO - Successfully fetched 100 days of data for GOOGL
2025-09-17 11:53:19,202 - __main__ - INFO - Processing MSFT (3/8)
2025-09-17 11:53:19,202 - __main__ - INFO - Fetching daily data for MSFT
2025-09-17 11:53:19,477 - __main__ - INFO - Successfully fetched 100 days of data for MSFT
2025-09-17 11:53:19,480 - __main__ - INFO - Processing AMZN (4/8)
2025-09-17 11:53:19,480 - __main__ - INFO - Fetching daily data for AMZN
2025-09-17 11:53:19,756 - __main__ - INFO - Successfully fetched 100 days of data for AMZN
2025-09-17 11:53:19,760 - __main__ - INFO - Processing TSLA (5/8)
2025-09-17 11:53:19,760 - __main__ - INFO - Fetching daily data for TSLA
2025-09-17 11:53:20,083 - __main__ - INFO - Successfully fetched 100 days of data for TSLA
2025-09-17 11:53:20,086 - __main__ - INFO - Processing META (6/8)
2025-09-17 11:53:20,086 - __main__ - INFO - Fetching daily data for META
2025-09-17 11:53:20,087 - __main__ - INFO - Rate limit reached. Waiting 58.3 seconds...
2025-09-17 11:54:18,900 - __main__ - INFO - Successfully fetched 100 days of data for META
2025-09-17 11:54:18,905 - __main__ - INFO - Processing NVDA (7/8)
2025-09-17 11:54:18,906 - __main__ - INFO - Fetching daily data for NVDA
2025-09-17 11:54:18,906 - __main__ - INFO - Rate limit reached. Waiting 0.0 seconds...
2025-09-17 11:54:19,219 - __main__ - INFO - Successfully fetched 100 days of data for NVDA
2025-09-17 11:54:19,221 - __main__ - INFO - Processing NFLX (8/8)
2025-09-17 11:54:19,221 - __main__ - INFO - Fetching daily data for NFLX
2025-09-17 11:54:19,485 - __main__ - INFO - Successfully fetched 100 days of data for NFLX
2025-09-17 11:54:19,489 - __main__ - INFO - Successfully fetched data for 8 symbols, total records: 800
2025-09-17 11:54:19,494 - __main__ - INFO - Combined data saved to /Users/justinclancy/Documents/Projects/Stock_ETL_Pipeline2/data/raw/stock_data_20250917_115419.csv
2025-09-17 11:54:19,500 - __main__ - INFO - Stock data extraction completed successfully
2025-09-30 15:49:30,257 - __main__ - INFO - Starting stock data extraction process
2025-09-30 15:49:30,257 - __main__ - INFO - StockDataFetcher initialized with base URL: https://www.alphavantage.co/query
2025-09-30 15:49:30,257 - __main__ - INFO - Will fetch data for symbols: ['AAPL', 'GOOGL', 'MSFT', 'AMZN', 'TSLA', 'META', 'NVDA', 'NFLX']
2025-09-30 15:49:30,257 - __main__ - INFO - Fetching data for 8 symbols: ['AAPL', 'GOOGL', 'MSFT', 'AMZN', 'TSLA', 'META', 'NVDA', 'NFLX']
2025-09-30 15:49:30,257 - __main__ - INFO - Processing AAPL (1/8)
2025-09-30 15:49:30,257 - __main__ - INFO - Fetching daily data for AAPL
2025-09-30 15:49:31,230 - __main__ - INFO - Successfully fetched 100 days of data for AAPL
2025-09-30 15:49:31,232 - __main__ - INFO - Processing GOOGL (2/8)
2025-09-30 15:49:31,232 - __main__ - INFO - Fetching daily data for GOOGL
2025-09-30 15:49:31,506 - __main__ - INFO - Successfully fetched 100 days of data for GOOGL
2025-09-30 15:49:31,508 - __main__ - INFO - Processing MSFT (3/8)
2025-09-30 15:49:31,509 - __main__ - INFO - Fetching daily data for MSFT
2025-09-30 15:49:31,822 - __main__ - INFO - Successfully fetched 100 days of data for MSFT
2025-09-30 15:49:31,825 - __main__ - INFO - Processing AMZN (4/8)
2025-09-30 15:49:31,825 - __main__ - INFO - Fetching daily data for AMZN
2025-09-30 15:49:32,093 - __main__ - INFO - Successfully fetched 100 days of data for AMZN
2025-09-30 15:49:32,098 - __main__ - INFO - Processing TSLA (5/8)
2025-09-30 15:49:32,098 - __main__ - INFO - Fetching daily data for TSLA
2025-09-30 15:49:32,362 - __main__ - INFO - Successfully fetched 100 days of data for TSLA
2025-09-30 15:49:32,365 - __main__ - INFO - Processing META (6/8)
2025-09-30 15:49:32,366 - __main__ - INFO - Fetching daily data for META
2025-09-30 15:49:32,366 - __main__ - INFO - Rate limit reached. Waiting 57.9 seconds...
2025-09-30 15:50:31,185 - __main__ - INFO - Successfully fetched 100 days of data for META
2025-09-30 15:50:31,190 - __main__ - INFO - Processing NVDA (7/8)
2025-09-30 15:50:31,190 - __main__ - INFO - Fetching daily data for NVDA
2025-09-30 15:50:31,190 - __main__ - INFO - Rate limit reached. Waiting 0.0 seconds...
2025-09-30 15:50:31,505 - __main__ - INFO - Successfully fetched 100 days of data for NVDA
2025-09-30 15:50:31,508 - __main__ - INFO - Processing NFLX (8/8)
2025-09-30 15:50:31,508 - __main__ - INFO - Fetching daily data for NFLX
2025-09-30 15:50:31,508 - __main__ - INFO - Rate limit reached. Waiting 0.0 seconds...
2025-09-30 15:50:31,802 - __main__ - INFO - Successfully fetched 100 days of data for NFLX
2025-09-30 15:50:31,806 - __main__ - INFO - Successfully fetched data for 8 symbols, total records: 800
2025-09-30 15:50:31,812 - __main__ - INFO - Combined data saved to /Users/justinclancy/Documents/Projects/Stock_ETL_Pipeline2/data/raw/stock_data_20250930_155031.csv
2025-09-30 15:50:31,820 - __main__ - INFO - Stock data extraction completed successfully
2025-10-03 11:11:02,356 - __main__ - INFO - Starting stock data extraction process
2025-10-03 11:11:02,357 - __main__ - INFO - StockDataFetcher initialized with base URL: https://www.alphavantage.co/query
2025-10-03 11:11:02,357 - __main__ - INFO - Will fetch data for symbols: ['AAPL', 'GOOGL', 'MSFT', 'AMZN', 'TSLA', 'META', 'NVDA', 'NFLX']
2025-10-03 11:11:02,357 - __main__ - INFO - Fetching data for 8 symbols: ['AAPL', 'GOOGL', 'MSFT', 'AMZN', 'TSLA', 'META', 'NVDA', 'NFLX']
2025-10-03 11:11:02,357 - __main__ - INFO - Processing AAPL (1/8)
2025-10-03 11:11:02,357 - __main__ - INFO - Fetching daily data for AAPL
2025-10-03 11:11:02,986 - __main__ - INFO - Successfully fetched 100 days of data for AAPL
2025-10-03 11:11:02,990 - __main__ - INFO - Processing GOOGL (2/8)
2025-10-03 11:11:02,990 - __main__ - INFO - Fetching daily data for GOOGL
2025-10-03 11:11:03,263 - __main__ - INFO - Successfully fetched 100 days of data for GOOGL
2025-10-03 11:11:03,267 - __main__ - INFO - Processing MSFT (3/8)
2025-10-03 11:11:03,267 - __main__ - INFO - Fetching daily data for MSFT
2025-10-03 11:11:03,744 - __main__ - INFO - Successfully fetched 100 days of data for MSFT
2025-10-03 11:11:03,747 - __main__ - INFO - Processing AMZN (4/8)
2025-10-03 11:11:03,748 - __main__ - INFO - Fetching daily data for AMZN
2025-10-03 11:11:04,021 - __main__ - INFO - Successfully fetched 100 days of data for AMZN
2025-10-03 11:11:04,025 - __main__ - INFO - Processing TSLA (5/8)
2025-10-03 11:11:04,025 - __main__ - INFO - Fetching daily data for TSLA
2025-10-03 11:11:04,335 - __main__ - INFO - Successfully fetched 100 days of data for TSLA
2025-10-03 11:11:04,338 - __main__ - INFO - Processing META (6/8)
2025-10-03 11:11:04,338 - __main__ - INFO - Fetching daily data for META
2025-10-03 11:11:04,338 - __main__ - INFO - Rate limit reached. Waiting 58.0 seconds...
2025-10-03 11:12:02,977 - __main__ - INFO - Successfully fetched 100 days of data for META
2025-10-03 11:12:02,983 - __main__ - INFO - Processing NVDA (7/8)
2025-10-03 11:12:02,983 - __main__ - INFO - Fetching daily data for NVDA
2025-10-03 11:12:02,984 - __main__ - INFO - Rate limit reached. Waiting 0.0 seconds...
2025-10-03 11:12:03,263 - __main__ - INFO - Successfully fetched 100 days of data for NVDA
2025-10-03 11:12:03,266 - __main__ - INFO - Processing NFLX (8/8)
2025-10-03 11:12:03,266 - __main__ - INFO - Fetching daily data for NFLX
2025-10-03 11:12:03,266 - __main__ - INFO - Rate limit reached. Waiting 0.0 seconds...
2025-10-03 11:12:03,544 - __main__ - INFO - Successfully fetched 100 days of data for NFLX
2025-10-03 11:12:03,548 - __main__ - INFO - Successfully fetched data for 8 symbols, total records: 800
2025-10-03 11:12:03,554 - __main__ - INFO - Combined data saved to /Users/justinclancy/Documents/Projects/Stock_ETL_Pipeline2/data/raw/stock_data_20251003_111203.csv
2025-10-03 11:12:03,561 - __main__ - INFO - Stock data extraction completed successfully
